<?xml version="1.0" encoding="UTF-8"?>
<!-- Generated by org.testng.reporters.JUnitReportReporter -->
<testsuite skipped="0" hostname="Ansuman-PC" name="qaclickacademy.SeleniumAutomation" tests="2" failures="0" timestamp="04 Apr 2020 12:42:13 GMT" time="0.034" errors="0">
  <testcase name="browserAutomation" time="0.029" classname="qaclickacademy.SeleniumAutomation"/>
  <testcase name="openWebsite" time="0.005" classname="qaclickacademy.SeleniumAutomation"/>
</testsuite> <!-- qaclickacademy.SeleniumAutomation -->
