<?xml version="1.0" encoding="UTF-8"?>
<!-- Generated by org.testng.reporters.JUnitReportReporter -->
<testsuite skipped="0" hostname="Ansuman-PC" name="qaclickacademy.SeleniumAutomation" tests="2" failures="0" timestamp="04 Apr 2020 13:39:59 GMT" time="0.003" errors="0">
  <testcase name="openWebsite" time="0.001" classname="qaclickacademy.SeleniumAutomation"/>
  <testcase name="browserAutomation" time="0.002" classname="qaclickacademy.SeleniumAutomation"/>
</testsuite> <!-- qaclickacademy.SeleniumAutomation -->
