<?xml version="1.0" encoding="UTF-8"?>
<!-- Generated by org.testng.reporters.JUnitReportReporter -->
<testsuite skipped="0" hostname="Ansuman-PC" name="qaclickacademy.Appium" tests="2" failures="0" timestamp="04 Apr 2020 13:39:59 GMT" time="0.001" errors="0">
  <testcase name="turnOnMobile" time="0.000" classname="qaclickacademy.Appium"/>
  <testcase name="takePicture" time="0.001" classname="qaclickacademy.Appium"/>
</testsuite> <!-- qaclickacademy.Appium -->
