<?xml version="1.0" encoding="UTF-8"?>
<!-- Generated by org.testng.reporters.JUnitReportReporter -->
<testsuite skipped="0" hostname="Ansuman-PC" name="qaclickacademy.RESTAPIAutomation" tests="2" failures="0" timestamp="04 Apr 2020 13:39:59 GMT" time="0.015" errors="0">
  <testcase name="openPUT" time="0.000" classname="qaclickacademy.RESTAPIAutomation"/>
  <testcase name="openGET" time="0.015" classname="qaclickacademy.RESTAPIAutomation"/>
</testsuite> <!-- qaclickacademy.RESTAPIAutomation -->
